e:\dssprojects\zlib\contrib\vstudio\vc14\x86\zlibdlldebug\vc140.pdb
e:\dssprojects\zlib\contrib\vstudio\vc14\x86\zlibdlldebug\tmp\zutil.obj
e:\dssprojects\zlib\contrib\vstudio\vc14\x86\zlibdlldebug\tmp\zip.obj
e:\dssprojects\zlib\contrib\vstudio\vc14\x86\zlibdlldebug\tmp\unzip.obj
e:\dssprojects\zlib\contrib\vstudio\vc14\x86\zlibdlldebug\tmp\uncompr.obj
e:\dssprojects\zlib\contrib\vstudio\vc14\x86\zlibdlldebug\tmp\trees.obj
e:\dssprojects\zlib\contrib\vstudio\vc14\x86\zlibdlldebug\tmp\iowin32.obj
e:\dssprojects\zlib\contrib\vstudio\vc14\x86\zlibdlldebug\tmp\ioapi.obj
e:\dssprojects\zlib\contrib\vstudio\vc14\x86\zlibdlldebug\tmp\inftrees.obj
e:\dssprojects\zlib\contrib\vstudio\vc14\x86\zlibdlldebug\tmp\inflate.obj
e:\dssprojects\zlib\contrib\vstudio\vc14\x86\zlibdlldebug\tmp\inffast.obj
e:\dssprojects\zlib\contrib\vstudio\vc14\x86\zlibdlldebug\tmp\infback.obj
e:\dssprojects\zlib\contrib\vstudio\vc14\x86\zlibdlldebug\tmp\gzwrite.obj
e:\dssprojects\zlib\contrib\vstudio\vc14\x86\zlibdlldebug\tmp\gzread.obj
e:\dssprojects\zlib\contrib\vstudio\vc14\x86\zlibdlldebug\tmp\gzlib.obj
e:\dssprojects\zlib\contrib\vstudio\vc14\x86\zlibdlldebug\tmp\gzclose.obj
e:\dssprojects\zlib\contrib\vstudio\vc14\x86\zlibdlldebug\tmp\deflate.obj
e:\dssprojects\zlib\contrib\vstudio\vc14\x86\zlibdlldebug\tmp\crc32.obj
e:\dssprojects\zlib\contrib\vstudio\vc14\x86\zlibdlldebug\tmp\compress.obj
e:\dssprojects\zlib\contrib\vstudio\vc14\x86\zlibdlldebug\tmp\adler32.obj
e:\dssprojects\zlib\contrib\vstudio\vc14\x86\zlibdlldebug\zlibwapi.ilk
e:\dssprojects\zlib\contrib\vstudio\vc14\x86\zlibdlldebug\zlibwapi.dll
e:\dssprojects\zlib\contrib\vstudio\vc14\x86\zlibdlldebug\zlibwapi.map
e:\dssprojects\zlib\contrib\vstudio\vc14\x86\zlibdlldebug\zlibwapi.pdb
e:\dssprojects\zlib\contrib\vstudio\vc14\x86\zlibdlldebug\tmp\zlib.res
e:\dssprojects\zlib\contrib\vstudio\vc14\x86\zlibdlldebug\zlibwapi.lib
e:\dssprojects\zlib\contrib\vstudio\vc14\x86\zlibdlldebug\zlibwapi.exp
e:\dssprojects\zlib\contrib\vstudio\vc14\x86\zlibdlldebug\tmp\zlibvc.tlog\cl.command.1.tlog
e:\dssprojects\zlib\contrib\vstudio\vc14\x86\zlibdlldebug\tmp\zlibvc.tlog\cl.read.1.tlog
e:\dssprojects\zlib\contrib\vstudio\vc14\x86\zlibdlldebug\tmp\zlibvc.tlog\cl.write.1.tlog
e:\dssprojects\zlib\contrib\vstudio\vc14\x86\zlibdlldebug\tmp\zlibvc.tlog\link.command.1.tlog
e:\dssprojects\zlib\contrib\vstudio\vc14\x86\zlibdlldebug\tmp\zlibvc.tlog\link.read.1.tlog
e:\dssprojects\zlib\contrib\vstudio\vc14\x86\zlibdlldebug\tmp\zlibvc.tlog\link.write.1.tlog
e:\dssprojects\zlib\contrib\vstudio\vc14\x86\zlibdlldebug\tmp\zlibvc.tlog\rc.command.1.tlog
e:\dssprojects\zlib\contrib\vstudio\vc14\x86\zlibdlldebug\tmp\zlibvc.tlog\rc.read.1.tlog
e:\dssprojects\zlib\contrib\vstudio\vc14\x86\zlibdlldebug\tmp\zlibvc.tlog\rc.write.1.tlog
e:\dssprojects\zlib\contrib\vstudio\vc14\x86\zlibdlldebug\tmp\zlibvc.tlog\zlibvc.write.1u.tlog
